    WARNING: The character Ⅹ (U+2169) exists in the entry for VK_0, ShiftState 'Ctl+Alt' of the layout table and is not in the default system code page (1252) of the Latin (World) language you specified. This may cause compatibility problems in non-Unicode applications.
    WARNING: The character ↇ (U+2187) exists in the entry for VK_0, ShiftState 'Shift+Ctl+Alt' of the layout table and is not in the default system code page (1252) of the Latin (World) language you specified. This may cause compatibility problems in non-Unicode applications.
    WARNING: The character Ⅰ (U+2160) exists in the entry for VK_1, ShiftState 'Ctl+Alt' of the layout table and is not in the default system code page (1252) of the Latin (World) language you specified. This may cause compatibility problems in non-Unicode applications.
    WARNING: The character Ⅼ (U+216c) exists in the entry for VK_1, ShiftState 'Shift+Ctl+Alt' of the layout table and is not in the default system code page (1252) of the Latin (World) language you specified. This may cause compatibility problems in non-Unicode applications.
    WARNING: The character Ⅱ (U+2161) exists in the entry for VK_2, ShiftState 'Ctl+Alt' of the layout table and is not in the default system code page (1252) of the Latin (World) language you specified. This may cause compatibility problems in non-Unicode applications.
    WARNING: The character Ⅽ (U+216d) exists in the entry for VK_2, ShiftState 'Shift+Ctl+Alt' of the layout table and is not in the default system code page (1252) of the Latin (World) language you specified. This may cause compatibility problems in non-Unicode applications.
    WARNING: The character Ⅲ (U+2162) exists in the entry for VK_3, ShiftState 'Ctl+Alt' of the layout table and is not in the default system code page (1252) of the Latin (World) language you specified. This may cause compatibility problems in non-Unicode applications.
    WARNING: The character Ⅾ (U+216e) exists in the entry for VK_3, ShiftState 'Shift+Ctl+Alt' of the layout table and is not in the default system code page (1252) of the Latin (World) language you specified. This may cause compatibility problems in non-Unicode applications.
    WARNING: The character Ⅳ (U+2163) exists in the entry for VK_4, ShiftState 'Ctl+Alt' of the layout table and is not in the default system code page (1252) of the Latin (World) language you specified. This may cause compatibility problems in non-Unicode applications.
    WARNING: The character Ⅿ (U+216f) exists in the entry for VK_4, ShiftState 'Shift+Ctl+Alt' of the layout table and is not in the default system code page (1252) of the Latin (World) language you specified. This may cause compatibility problems in non-Unicode applications.
    WARNING: The character Ⅴ (U+2164) exists in the entry for VK_5, ShiftState 'Ctl+Alt' of the layout table and is not in the default system code page (1252) of the Latin (World) language you specified. This may cause compatibility problems in non-Unicode applications.
    WARNING: The character ↅ (U+2185) exists in the entry for VK_5, ShiftState 'Shift+Ctl+Alt' of the layout table and is not in the default system code page (1252) of the Latin (World) language you specified. This may cause compatibility problems in non-Unicode applications.
    WARNING: The character ̂ (U+0302) exists in the entry for VK_6, ShiftState 'Shift' of the layout table and is not in the default system code page (1252) of the Latin (World) language you specified. This may cause compatibility problems in non-Unicode applications.
    WARNING: The character Ⅵ (U+2165) exists in the entry for VK_6, ShiftState 'Ctl+Alt' of the layout table and is not in the default system code page (1252) of the Latin (World) language you specified. This may cause compatibility problems in non-Unicode applications.
    WARNING: The character ↆ (U+2186) exists in the entry for VK_6, ShiftState 'Shift+Ctl+Alt' of the layout table and is not in the default system code page (1252) of the Latin (World) language you specified. This may cause compatibility problems in non-Unicode applications.
    WARNING: The character Ⅶ (U+2166) exists in the entry for VK_7, ShiftState 'Ctl+Alt' of the layout table and is not in the default system code page (1252) of the Latin (World) language you specified. This may cause compatibility problems in non-Unicode applications.
    WARNING: The character ↀ (U+2180) exists in the entry for VK_7, ShiftState 'Shift+Ctl+Alt' of the layout table and is not in the default system code page (1252) of the Latin (World) language you specified. This may cause compatibility problems in non-Unicode applications.
    WARNING: The character Ⅷ (U+2167) exists in the entry for VK_8, ShiftState 'Ctl+Alt' of the layout table and is not in the default system code page (1252) of the Latin (World) language you specified. This may cause compatibility problems in non-Unicode applications.
    WARNING: The character ↁ (U+2181) exists in the entry for VK_8, ShiftState 'Shift+Ctl+Alt' of the layout table and is not in the default system code page (1252) of the Latin (World) language you specified. This may cause compatibility problems in non-Unicode applications.
    WARNING: The character Ⅸ (U+2168) exists in the entry for VK_9, ShiftState 'Ctl+Alt' of the layout table and is not in the default system code page (1252) of the Latin (World) language you specified. This may cause compatibility problems in non-Unicode applications.
    WARNING: The character ↂ (U+2182) exists in the entry for VK_9, ShiftState 'Shift+Ctl+Alt' of the layout table and is not in the default system code page (1252) of the Latin (World) language you specified. This may cause compatibility problems in non-Unicode applications.
    WARNING: The code points a᷄ (U+0061 U+1dc4) exist in the entry for VK_A, ShiftState 'Ctl+Alt' of the ligature table and are not in the default system code page (1252) of the Latin (World) language you specified. This may cause compatibility problems in non-Unicode applications.
    WARNING: The code points A᷄ (U+0041 U+1dc4) exist in the entry for VK_A, ShiftState 'Shift+Ctl+Alt' of the ligature table and are not in the default system code page (1252) of the Latin (World) language you specified. This may cause compatibility problems in non-Unicode applications.
    WARNING: The character ↄ (U+2184) exists in the entry for VK_C, ShiftState 'Ctl+Alt' of the layout table and is not in the default system code page (1252) of the Latin (World) language you specified. This may cause compatibility problems in non-Unicode applications.
    WARNING: The character Ↄ (U+2183) exists in the entry for VK_C, ShiftState 'Shift+Ctl+Alt' of the layout table and is not in the default system code page (1252) of the Latin (World) language you specified. This may cause compatibility problems in non-Unicode applications.
    WARNING: The character ꜷ (U+a737) exists in the entry for VK_D, ShiftState 'Ctl+Alt' of the layout table and is not in the default system code page (1252) of the Latin (World) language you specified. This may cause compatibility problems in non-Unicode applications.
    WARNING: The character Ꜷ (U+a736) exists in the entry for VK_D, ShiftState 'Shift+Ctl+Alt' of the layout table and is not in the default system code page (1252) of the Latin (World) language you specified. This may cause compatibility problems in non-Unicode applications.
    WARNING: The code points e᷄ (U+0065 U+1dc4) exist in the entry for VK_E, ShiftState 'Ctl+Alt' of the ligature table and are not in the default system code page (1252) of the Latin (World) language you specified. This may cause compatibility problems in non-Unicode applications.
    WARNING: The code points E᷄ (U+0045 U+1dc4) exist in the entry for VK_E, ShiftState 'Shift+Ctl+Alt' of the ligature table and are not in the default system code page (1252) of the Latin (World) language you specified. This may cause compatibility problems in non-Unicode applications.
    WARNING: The character ᵫ (U+1d6b) exists in the entry for VK_G, ShiftState 'Ctl+Alt' of the layout table and is not in the default system code page (1252) of the Latin (World) language you specified. This may cause compatibility problems in non-Unicode applications.
    WARNING: ᵫ (U+1d6b) is already defined more than once on the keyboard (on VK_G, ShiftState 'Shift+Ctl+Alt' and VK_G, ShiftState 'Ctl+Alt').
    WARNING: The character ⱶ (U+2c76) exists in the entry for VK_H, ShiftState 'Ctl+Alt' of the layout table and is not in the default system code page (1252) of the Latin (World) language you specified. This may cause compatibility problems in non-Unicode applications.
    WARNING: The character Ⱶ (U+2c75) exists in the entry for VK_H, ShiftState 'Shift+Ctl+Alt' of the layout table and is not in the default system code page (1252) of the Latin (World) language you specified. This may cause compatibility problems in non-Unicode applications.
    WARNING: The character ꟾ (U+a7fe) exists in the entry for VK_I, ShiftState 'Ctl+Alt' of the layout table and is not in the default system code page (1252) of the Latin (World) language you specified. This may cause compatibility problems in non-Unicode applications.
    WARNING: ꟾ (U+a7fe) is already defined more than once on the keyboard (on VK_I, ShiftState 'Shift+Ctl+Alt' and VK_I, ShiftState 'Ctl+Alt').
    WARNING: The code points i᷄ (U+0069 U+1dc4) exist in the entry for VK_J, ShiftState 'Ctl+Alt' of the ligature table and are not in the default system code page (1252) of the Latin (World) language you specified. This may cause compatibility problems in non-Unicode applications.
    WARNING: The code points I᷄ (U+0049 U+1dc4) exist in the entry for VK_J, ShiftState 'Shift+Ctl+Alt' of the ligature table and are not in the default system code page (1252) of the Latin (World) language you specified. This may cause compatibility problems in non-Unicode applications.
    WARNING: Ⅾ (U+216e) is already defined more than once on the keyboard (on VK_K, ShiftState 'Ctl+Alt' and VK_3, ShiftState 'Shift+Ctl+Alt').
    WARNING: Ⅾ (U+216e) is already defined more than once on the keyboard (on VK_K, ShiftState 'Shift+Ctl+Alt' and VK_3, ShiftState 'Shift+Ctl+Alt').
    WARNING: Ⅼ (U+216c) is already defined more than once on the keyboard (on VK_L, ShiftState 'Ctl+Alt' and VK_1, ShiftState 'Shift+Ctl+Alt').
    WARNING: Ⅼ (U+216c) is already defined more than once on the keyboard (on VK_L, ShiftState 'Shift+Ctl+Alt' and VK_1, ShiftState 'Shift+Ctl+Alt').
    WARNING: Ⅿ (U+216f) is already defined more than once on the keyboard (on VK_M, ShiftState 'Ctl+Alt' and VK_4, ShiftState 'Shift+Ctl+Alt').
    WARNING: Ⅿ (U+216f) is already defined more than once on the keyboard (on VK_M, ShiftState 'Shift+Ctl+Alt' and VK_4, ShiftState 'Shift+Ctl+Alt').
    WARNING: The code points o᷄ (U+006f U+1dc4) exist in the entry for VK_O, ShiftState 'Ctl+Alt' of the ligature table and are not in the default system code page (1252) of the Latin (World) language you specified. This may cause compatibility problems in non-Unicode applications.
    WARNING: The code points O᷄ (U+004f U+1dc4) exist in the entry for VK_O, ShiftState 'Shift+Ctl+Alt' of the ligature table and are not in the default system code page (1252) of the Latin (World) language you specified. This may cause compatibility problems in non-Unicode applications.
    WARNING: Q (U+0051) is already defined more than once on the keyboard (on VK_Q, ShiftState 'Shift+Ctl+Alt' and VK_Q, ShiftState 'Shift').
    WARNING: The code points u᷄ (U+0075 U+1dc4) exist in the entry for VK_U, ShiftState 'Ctl+Alt' of the ligature table and are not in the default system code page (1252) of the Latin (World) language you specified. This may cause compatibility problems in non-Unicode applications.
    WARNING: The code points U᷄ (U+0055 U+1dc4) exist in the entry for VK_U, ShiftState 'Shift+Ctl+Alt' of the ligature table and are not in the default system code page (1252) of the Latin (World) language you specified. This may cause compatibility problems in non-Unicode applications.
    WARNING: The code points v᷄ (U+0076 U+1dc4) exist in the entry for VK_V, ShiftState 'Ctl+Alt' of the ligature table and are not in the default system code page (1252) of the Latin (World) language you specified. This may cause compatibility problems in non-Unicode applications.
    WARNING: The code points V᷄ (U+0056 U+1dc4) exist in the entry for VK_V, ShiftState 'Shift+Ctl+Alt' of the ligature table and are not in the default system code page (1252) of the Latin (World) language you specified. This may cause compatibility problems in non-Unicode applications.
    WARNING: The character ⅎ (U+214e) exists in the entry for VK_W, ShiftState 'Ctl+Alt' of the layout table and is not in the default system code page (1252) of the Latin (World) language you specified. This may cause compatibility problems in non-Unicode applications.
    WARNING: The character Ⅎ (U+2132) exists in the entry for VK_W, ShiftState 'Shift+Ctl+Alt' of the layout table and is not in the default system code page (1252) of the Latin (World) language you specified. This may cause compatibility problems in non-Unicode applications.
    WARNING: The code points y᷄ (U+0079 U+1dc4) exist in the entry for VK_Y, ShiftState 'Ctl+Alt' of the ligature table and are not in the default system code page (1252) of the Latin (World) language you specified. This may cause compatibility problems in non-Unicode applications.
    WARNING: The code points Y᷄ (U+0059 U+1dc4) exist in the entry for VK_Y, ShiftState 'Shift+Ctl+Alt' of the ligature table and are not in the default system code page (1252) of the Latin (World) language you specified. This may cause compatibility problems in non-Unicode applications.
    WARNING: The character Ⅻ (U+216b) exists in the entry for VK_OEM_PLUS, ShiftState 'Ctl+Alt' of the layout table and is not in the default system code page (1252) of the Latin (World) language you specified. This may cause compatibility problems in non-Unicode applications.
    WARNING: Ⅽ (U+216d) is already defined more than once on the keyboard (on VK_OEM_COMMA, ShiftState 'Ctl+Alt' and VK_2, ShiftState 'Shift+Ctl+Alt').
    WARNING: Ⅽ (U+216d) is already defined more than once on the keyboard (on VK_OEM_COMMA, ShiftState 'Shift+Ctl+Alt' and VK_2, ShiftState 'Shift+Ctl+Alt').
    WARNING: The character ̄ (U+0304) exists in the entry for VK_OEM_MINUS, ShiftState 'Base' of the layout table and is not in the default system code page (1252) of the Latin (World) language you specified. This may cause compatibility problems in non-Unicode applications.
    WARNING: The character ̆ (U+0306) exists in the entry for VK_OEM_MINUS, ShiftState 'Shift' of the layout table and is not in the default system code page (1252) of the Latin (World) language you specified. This may cause compatibility problems in non-Unicode applications.
    WARNING: The character Ⅺ (U+216a) exists in the entry for VK_OEM_MINUS, ShiftState 'Ctl+Alt' of the layout table and is not in the default system code page (1252) of the Latin (World) language you specified. This may cause compatibility problems in non-Unicode applications.
    WARNING: The character ↈ (U+2188) exists in the entry for VK_OEM_MINUS, ShiftState 'Shift+Ctl+Alt' of the layout table and is not in the default system code page (1252) of the Latin (World) language you specified. This may cause compatibility problems in non-Unicode applications.
    WARNING: The character ̀ (U+0300) exists in the entry for VK_OEM_3, ShiftState 'Base' of the layout table and is not in the default system code page (1252) of the Latin (World) language you specified. This may cause compatibility problems in non-Unicode applications.
    WARNING: The character ́ (U+0301) exists in the entry for VK_OEM_7, ShiftState 'Base' of the layout table and is not in the default system code page (1252) of the Latin (World) language you specified. This may cause compatibility problems in non-Unicode applications.
    WARNING: The character ̈ (U+0308) exists in the entry for VK_OEM_7, ShiftState 'Shift' of the layout table and is not in the default system code page (1252) of the Latin (World) language you specified. This may cause compatibility problems in non-Unicode applications.
    WARNING: The dead key ̂ (U+0302) when combined with y (U+0079) returns ŷ (U+0177), but ŷ (U+0177) is not on the default system code page (1252) of the Latin (World) language you specified. This may cause compatibility problems in non-Unicode applications.
    WARNING: The dead key ̂ (U+0302) when combined with Y (U+0059) returns Ŷ (U+0176), but Ŷ (U+0176) is not on the default system code page (1252) of the Latin (World) language you specified. This may cause compatibility problems in non-Unicode applications.
    WARNING: By convention, the last entry in the dead key table for '̂' (U+0302) should be a space (to create a spacing version of the dead key).
    WARNING: The dead key ̄ (U+0304) when combined with a (U+0061) returns ā (U+0101), but ā (U+0101) is not on the default system code page (1252) of the Latin (World) language you specified. This may cause compatibility problems in non-Unicode applications.
    WARNING: The dead key ̄ (U+0304) when combined with e (U+0065) returns ē (U+0113), but ē (U+0113) is not on the default system code page (1252) of the Latin (World) language you specified. This may cause compatibility problems in non-Unicode applications.
    WARNING: The dead key ̄ (U+0304) when combined with i (U+0069) returns ī (U+012b), but ī (U+012b) is not on the default system code page (1252) of the Latin (World) language you specified. This may cause compatibility problems in non-Unicode applications.
    WARNING: The dead key ̄ (U+0304) when combined with o (U+006f) returns ō (U+014d), but ō (U+014d) is not on the default system code page (1252) of the Latin (World) language you specified. This may cause compatibility problems in non-Unicode applications.
    WARNING: The dead key ̄ (U+0304) when combined with u (U+0075) returns ū (U+016b), but ū (U+016b) is not on the default system code page (1252) of the Latin (World) language you specified. This may cause compatibility problems in non-Unicode applications.
    WARNING: The dead key ̄ (U+0304) when combined with y (U+0079) returns ȳ (U+0233), but ȳ (U+0233) is not on the default system code page (1252) of the Latin (World) language you specified. This may cause compatibility problems in non-Unicode applications.
    WARNING: The dead key ̄ (U+0304) when combined with A (U+0041) returns Ā (U+0100), but Ā (U+0100) is not on the default system code page (1252) of the Latin (World) language you specified. This may cause compatibility problems in non-Unicode applications.
    WARNING: The dead key ̄ (U+0304) when combined with E (U+0045) returns Ē (U+0112), but Ē (U+0112) is not on the default system code page (1252) of the Latin (World) language you specified. This may cause compatibility problems in non-Unicode applications.
    WARNING: The dead key ̄ (U+0304) when combined with I (U+0049) returns Ī (U+012a), but Ī (U+012a) is not on the default system code page (1252) of the Latin (World) language you specified. This may cause compatibility problems in non-Unicode applications.
    WARNING: The dead key ̄ (U+0304) when combined with O (U+004f) returns Ō (U+014c), but Ō (U+014c) is not on the default system code page (1252) of the Latin (World) language you specified. This may cause compatibility problems in non-Unicode applications.
    WARNING: The dead key ̄ (U+0304) when combined with U (U+0055) returns Ū (U+016a), but Ū (U+016a) is not on the default system code page (1252) of the Latin (World) language you specified. This may cause compatibility problems in non-Unicode applications.
    WARNING: The dead key ̄ (U+0304) when combined with Y (U+0059) returns Ȳ (U+0232), but Ȳ (U+0232) is not on the default system code page (1252) of the Latin (World) language you specified. This may cause compatibility problems in non-Unicode applications.
    WARNING: The dead key ̄ (U+0304) when combined with v (U+0076) returns  (U+e34d), but  (U+e34d) is not on the default system code page (1252) of the Latin (World) language you specified. This may cause compatibility problems in non-Unicode applications.
    WARNING: The dead key ̄ (U+0304) when combined with V (U+0056) returns  (U+e34d), but  (U+e34d) is not on the default system code page (1252) of the Latin (World) language you specified. This may cause compatibility problems in non-Unicode applications.
    WARNING: By convention, the last entry in the dead key table for '̄' (U+0304) should be a space (to create a spacing version of the dead key).
    WARNING: The dead key ̆ (U+0306) when combined with a (U+0061) returns ă (U+0103), but ă (U+0103) is not on the default system code page (1252) of the Latin (World) language you specified. This may cause compatibility problems in non-Unicode applications.
    WARNING: The dead key ̆ (U+0306) when combined with A (U+0041) returns Ă (U+0102), but Ă (U+0102) is not on the default system code page (1252) of the Latin (World) language you specified. This may cause compatibility problems in non-Unicode applications.
    WARNING: The dead key ̆ (U+0306) when combined with e (U+0065) returns ĕ (U+0115), but ĕ (U+0115) is not on the default system code page (1252) of the Latin (World) language you specified. This may cause compatibility problems in non-Unicode applications.
    WARNING: The dead key ̆ (U+0306) when combined with E (U+0045) returns Ĕ (U+0114), but Ĕ (U+0114) is not on the default system code page (1252) of the Latin (World) language you specified. This may cause compatibility problems in non-Unicode applications.
    WARNING: The dead key ̆ (U+0306) when combined with i (U+0069) returns ĭ (U+012d), but ĭ (U+012d) is not on the default system code page (1252) of the Latin (World) language you specified. This may cause compatibility problems in non-Unicode applications.
    WARNING: The dead key ̆ (U+0306) when combined with I (U+0049) returns Ĭ (U+012c), but Ĭ (U+012c) is not on the default system code page (1252) of the Latin (World) language you specified. This may cause compatibility problems in non-Unicode applications.
    WARNING: The dead key ̆ (U+0306) when combined with o (U+006f) returns ŏ (U+014f), but ŏ (U+014f) is not on the default system code page (1252) of the Latin (World) language you specified. This may cause compatibility problems in non-Unicode applications.
    WARNING: The dead key ̆ (U+0306) when combined with O (U+004f) returns Ŏ (U+014e), but Ŏ (U+014e) is not on the default system code page (1252) of the Latin (World) language you specified. This may cause compatibility problems in non-Unicode applications.
    WARNING: The dead key ̆ (U+0306) when combined with u (U+0075) returns ŭ (U+016d), but ŭ (U+016d) is not on the default system code page (1252) of the Latin (World) language you specified. This may cause compatibility problems in non-Unicode applications.
    WARNING: The dead key ̆ (U+0306) when combined with U (U+0055) returns Ŭ (U+016c), but Ŭ (U+016c) is not on the default system code page (1252) of the Latin (World) language you specified. This may cause compatibility problems in non-Unicode applications.
    WARNING: By convention, the last entry in the dead key table for '̆' (U+0306) should be a space (to create a spacing version of the dead key).
    WARNING: The dead key ̀ (U+0300) when combined with y (U+0079) returns ỳ (U+1ef3), but ỳ (U+1ef3) is not on the default system code page (1252) of the Latin (World) language you specified. This may cause compatibility problems in non-Unicode applications.
    WARNING: The dead key ̀ (U+0300) when combined with Y (U+0059) returns Ỳ (U+1ef2), but Ỳ (U+1ef2) is not on the default system code page (1252) of the Latin (World) language you specified. This may cause compatibility problems in non-Unicode applications.
    WARNING: By convention, the last entry in the dead key table for '̀' (U+0300) should be a space (to create a spacing version of the dead key).
    WARNING: The dead key ~ (U+007e) when combined with e (U+0065) returns ẽ (U+1ebd), but ẽ (U+1ebd) is not on the default system code page (1252) of the Latin (World) language you specified. This may cause compatibility problems in non-Unicode applications.
    WARNING: The dead key ~ (U+007e) when combined with E (U+0045) returns Ẽ (U+1ebc), but Ẽ (U+1ebc) is not on the default system code page (1252) of the Latin (World) language you specified. This may cause compatibility problems in non-Unicode applications.
    WARNING: The dead key ~ (U+007e) when combined with i (U+0069) returns ĩ (U+0129), but ĩ (U+0129) is not on the default system code page (1252) of the Latin (World) language you specified. This may cause compatibility problems in non-Unicode applications.
    WARNING: The dead key ~ (U+007e) when combined with I (U+0049) returns Ĩ (U+0128), but Ĩ (U+0128) is not on the default system code page (1252) of the Latin (World) language you specified. This may cause compatibility problems in non-Unicode applications.
    WARNING: The dead key ~ (U+007e) when combined with u (U+0075) returns ũ (U+0169), but ũ (U+0169) is not on the default system code page (1252) of the Latin (World) language you specified. This may cause compatibility problems in non-Unicode applications.
    WARNING: The dead key ~ (U+007e) when combined with U (U+0055) returns Ũ (U+0168), but Ũ (U+0168) is not on the default system code page (1252) of the Latin (World) language you specified. This may cause compatibility problems in non-Unicode applications.
    WARNING: The dead key ~ (U+007e) when combined with y (U+0079) returns ỹ (U+1ef9), but ỹ (U+1ef9) is not on the default system code page (1252) of the Latin (World) language you specified. This may cause compatibility problems in non-Unicode applications.
    WARNING: The dead key ~ (U+007e) when combined with Y (U+0059) returns Ỹ (U+1ef8), but Ỹ (U+1ef8) is not on the default system code page (1252) of the Latin (World) language you specified. This may cause compatibility problems in non-Unicode applications.
    WARNING: The dead key ~ (U+007e) when combined with v (U+0076) returns ṽ (U+1e7d), but ṽ (U+1e7d) is not on the default system code page (1252) of the Latin (World) language you specified. This may cause compatibility problems in non-Unicode applications.
    WARNING: The dead key ~ (U+007e) when combined with V (U+0056) returns Ṽ (U+1e7c), but Ṽ (U+1e7c) is not on the default system code page (1252) of the Latin (World) language you specified. This may cause compatibility problems in non-Unicode applications.
    WARNING: By convention, the last entry in the dead key table for '~' (U+007e) should be a space (to create a spacing version of the dead key).
    WARNING: By convention, the last entry in the dead key table for '̈' (U+0308) should be a space (to create a spacing version of the dead key).
    WARNING: Caps Lock is set between 'qu' and 'Q' (VK_Q, ShiftStates 'Base' and 'Shift').
